<?xml version="1.0" encoding="UTF-8"?>
<coverage generated="1585484812662" clover="3.2.0">
  <project timestamp="1585484812662" name="All files">
    <metrics statements="4" coveredstatements="4" conditionals="2" coveredconditionals="2" methods="2" coveredmethods="2" elements="8" coveredelements="8" complexity="0" loc="4" ncloc="4" packages="1" files="2" classes="2"/>
    <file name="index.ts" path="/Users/zenberge/Documents/workplace/git/docs/react-ui/packages/tools-util/src/index.ts">
      <metrics statements="0" coveredstatements="0" conditionals="0" coveredconditionals="0" methods="0" coveredmethods="0"/>
    </file>
    <file name="utils.ts" path="/Users/zenberge/Documents/workplace/git/docs/react-ui/packages/tools-util/src/utils.ts">
      <metrics statements="4" coveredstatements="4" conditionals="2" coveredconditionals="2" methods="2" coveredmethods="2"/>
      <line num="2" count="1" type="stmt"/>
      <line num="3" count="31" type="stmt"/>
      <line num="4" count="31" type="cond" truecount="2" falsecount="0"/>
      <line num="5" count="31" type="stmt"/>
    </file>
  </project>
</coverage>
