{"/Users/zenberge/Documents/workplace/git/docs/react-ui/packages/tools-util/src/index.ts": {"path":"/Users/zenberge/Documents/workplace/git/docs/react-ui/packages/tools-util/src/index.ts","statementMap":{},"fnMap":{},"branchMap":{},"s":{},"f":{},"b":{},"_coverageSchema":"43e27e138ebf9cfc5966b082cf9a028302ed4184","hash":"ad57496cf527a4f029cdaafb8ca001cea44e67f1"}
,"/Users/zenberge/Documents/workplace/git/docs/react-ui/packages/tools-util/src/utils.ts": {"path":"/Users/zenberge/Documents/workplace/git/docs/react-ui/packages/tools-util/src/utils.ts","statementMap":{"0":{"start":{"line":2,"column":4},"end":{"line":6,"column":7}},"1":{"start":{"line":3,"column":16},"end":{"line":3,"column":38}},"2":{"start":{"line":4,"column":16},"end":{"line":4,"column":45}},"3":{"start":{"line":5,"column":8},"end":{"line":5,"column":30}}},"fnMap":{"0":{"name":"uuid","decl":{"start":{"line":1,"column":16},"end":{"line":1,"column":20}},"loc":{"start":{"line":1,"column":23},"end":{"line":7,"column":1}},"line":1},"1":{"name":"(anonymous_1)","decl":{"start":{"line":2,"column":67},"end":{"line":2,"column":68}},"loc":{"start":{"line":2,"column":80},"end":{"line":6,"column":5}},"line":2}},"branchMap":{"0":{"loc":{"start":{"line":4,"column":16},"end":{"line":4,"column":45}},"type":"cond-expr","locations":[{"start":{"line":4,"column":28},"end":{"line":4,"column":29}},{"start":{"line":4,"column":32},"end":{"line":4,"column":45}}],"line":4}},"s":{"0":1,"1":31,"2":31,"3":31},"f":{"0":1,"1":31},"b":{"0":[30,1]},"_coverageSchema":"43e27e138ebf9cfc5966b082cf9a028302ed4184","hash":"bf452473af2fc206483882f1a225c45389a72fcd"}
}
